SF:lib/bloc/user_state.dart
DA:4,1
DA:6,1
DA:7,1
DA:22,1
DA:28,1
DA:29,4
DA:36,1
DA:38,1
DA:39,2
LF:9
LH:9
end_of_record
SF:lib/bloc/user_event.dart
DA:4,1
DA:6,0
DA:7,0
DA:15,1
DA:17,0
DA:18,0
LF:6
LH:2
end_of_record
SF:lib/bloc/user_bloc.dart
DA:12,3
DA:13,2
DA:14,2
DA:17,1
DA:23,2
DA:25,2
DA:26,2
DA:27,1
DA:28,2
DA:34,0
DA:35,0
DA:36,0
DA:37,0
DA:39,0
DA:41,0
DA:42,0
DA:43,0
DA:45,0
DA:46,0
DA:50,3
DA:54,1
DA:55,2
DA:56,1
DA:57,1
DA:58,1
DA:60,2
DA:62,1
DA:63,1
DA:66,1
DA:72,2
DA:73,3
DA:74,2
DA:76,1
DA:77,1
DA:78,1
LF:35
LH:25
end_of_record
SF:lib/models/user_model.dart
DA:13,1
DA:22,0
DA:30,0
DA:31,0
DA:32,0
DA:33,0
DA:34,0
DA:35,0
DA:36,0
DA:40,0
DA:41,0
DA:42,0
DA:43,0
DA:44,0
DA:45,0
DA:46,0
DA:47,0
DA:51,0
DA:52,0
DA:53,0
DA:54,0
DA:55,0
DA:57,0
DA:58,0
DA:59,0
DA:60,0
DA:61,0
DA:63,0
DA:64,0
DA:68,0
DA:70,0
DA:71,0
DA:73,1
DA:76,1
DA:78,7
LF:35
LH:4
end_of_record
SF:lib/repositories/user_repository.dart
DA:9,0
DA:14,0
DA:16,0
DA:17,0
DA:20,0
DA:21,0
DA:22,0
DA:23,0
DA:25,0
DA:28,0
LF:10
LH:0
end_of_record
